[2019-02-14 22:09:00] dev.ERROR: Twig_Error_Syntax: Unknown "style" tag. Did you mean "styles" in "/Applications/MAMP/htdocs/acme/themes/acme/layouts/default.htm" at line 8? in /Applications/MAMP/htdocs/acme/vendor/twig/twig/lib/Twig/Parser.php:158
Stack trace:
#0 /Applications/MAMP/htdocs/acme/vendor/twig/twig/lib/Twig/Parser.php(81): Twig_Parser->subparse(NULL, false)
#1 /Applications/MAMP/htdocs/acme/vendor/twig/twig/lib/Twig/Environment.php(533): Twig_Parser->parse(Object(Twig_TokenStream))
#2 /Applications/MAMP/htdocs/acme/vendor/twig/twig/lib/Twig/Environment.php(565): Twig_Environment->parse(Object(Twig_TokenStream))
#3 /Applications/MAMP/htdocs/acme/vendor/twig/twig/lib/Twig/Environment.php(368): Twig_Environment->compileSource(Object(Twig_Source))
#4 /Applications/MAMP/htdocs/acme/modules/cms/Classes/Controller.php(433): Twig_Environment->loadTemplate('/Applications/M...')
#5 /Applications/MAMP/htdocs/acme/modules/cms/Classes/Controller.php(224): Cms\Classes\Controller->runPage(Object(Cms\Classes\Page))
#6 /Applications/MAMP/htdocs/acme/modules/cms/Classes/CmsController.php(50): Cms\Classes\Controller->run('/')
#7 [internal function]: Cms\Classes\CmsController->run('/')
#8 /Applications/MAMP/htdocs/acme/vendor/laravel/framework/src/Illuminate/Routing/Controller.php(54): call_user_func_array(Array, Array)
#9 /Applications/MAMP/htdocs/acme/vendor/laravel/framework/src/Illuminate/Routing/ControllerDispatcher.php(45): Illuminate\Routing\Controller->callAction('run', Array)
#10 /Applications/MAMP/htdocs/acme/vendor/laravel/framework/src/Illuminate/Routing/Route.php(212): Illuminate\Routing\ControllerDispatcher->dispatch(Object(Illuminate\Routing\Route), Object(Cms\Classes\CmsController), 'run')
#11 /Applications/MAMP/htdocs/acme/vendor/laravel/framework/src/Illuminate/Routing/Route.php(169): Illuminate\Routing\Route->runController()
#12 /Applications/MAMP/htdocs/acme/vendor/laravel/framework/src/Illuminate/Routing/Router.php(658): Illuminate\Routing\Route->run()
#13 /Applications/MAMP/htdocs/acme/vendor/laravel/framework/src/Illuminate/Routing/Pipeline.php(30): Illuminate\Routing\Router->Illuminate\Routing\{closure}(Object(Illuminate\Http\Request))
#14 /Applications/MAMP/htdocs/acme/vendor/laravel/framework/src/Illuminate/Routing/Middleware/SubstituteBindings.php(41): Illuminate\Routing\Pipeline->Illuminate\Routing\{closure}(Object(Illuminate\Http\Request))
#15 /Applications/MAMP/htdocs/acme/vendor/laravel/framework/src/Illuminate/Pipeline/Pipeline.php(149): Illuminate\Routing\Middleware\SubstituteBindings->handle(Object(Illuminate\Http\Request), Object(Closure))
#16 /Applications/MAMP/htdocs/acme/vendor/laravel/framework/src/Illuminate/Routing/Pipeline.php(53): Illuminate\Pipeline\Pipeline->Illuminate\Pipeline\{closure}(Object(Illuminate\Http\Request))
#17 /Applications/MAMP/htdocs/acme/vendor/laravel/framework/src/Illuminate/View/Middleware/ShareErrorsFromSession.php(49): Illuminate\Routing\Pipeline->Illuminate\Routing\{closure}(Object(Illuminate\Http\Request))
#18 /Applications/MAMP/htdocs/acme/vendor/laravel/framework/src/Illuminate/Pipeline/Pipeline.php(149): Illuminate\View\Middleware\ShareErrorsFromSession->handle(Object(Illuminate\Http\Request), Object(Closure))
#19 /Applications/MAMP/htdocs/acme/vendor/laravel/framework/src/Illuminate/Routing/Pipeline.php(53): Illuminate\Pipeline\Pipeline->Illuminate\Pipeline\{closure}(Object(Illuminate\Http\Request))
#20 /Applications/MAMP/htdocs/acme/vendor/laravel/framework/src/Illuminate/Session/Middleware/StartSession.php(63): Illuminate\Routing\Pipeline->Illuminate\Routing\{closure}(Object(Illuminate\Http\Request))
#21 /Applications/MAMP/htdocs/acme/vendor/laravel/framework/src/Illuminate/Pipeline/Pipeline.php(149): Illuminate\Session\Middleware\StartSession->handle(Object(Illuminate\Http\Request), Object(Closure))
#22 /Applications/MAMP/htdocs/acme/vendor/laravel/framework/src/Illuminate/Routing/Pipeline.php(53): Illuminate\Pipeline\Pipeline->Illuminate\Pipeline\{closure}(Object(Illuminate\Http\Request))
#23 /Applications/MAMP/htdocs/acme/vendor/laravel/framework/src/Illuminate/Cookie/Middleware/AddQueuedCookiesToResponse.php(37): Illuminate\Routing\Pipeline->Illuminate\Routing\{closure}(Object(Illuminate\Http\Request))
#24 /Applications/MAMP/htdocs/acme/vendor/laravel/framework/src/Illuminate/Pipeline/Pipeline.php(149): Illuminate\Cookie\Middleware\AddQueuedCookiesToResponse->handle(Object(Illuminate\Http\Request), Object(Closure))
#25 /Applications/MAMP/htdocs/acme/vendor/laravel/framework/src/Illuminate/Routing/Pipeline.php(53): Illuminate\Pipeline\Pipeline->Illuminate\Pipeline\{closure}(Object(Illuminate\Http\Request))
#26 /Applications/MAMP/htdocs/acme/vendor/laravel/framework/src/Illuminate/Cookie/Middleware/EncryptCookies.php(66): Illuminate\Routing\Pipeline->Illuminate\Routing\{closure}(Object(Illuminate\Http\Request))
#27 /Applications/MAMP/htdocs/acme/vendor/laravel/framework/src/Illuminate/Pipeline/Pipeline.php(149): Illuminate\Cookie\Middleware\EncryptCookies->handle(Object(Illuminate\Http\Request), Object(Closure))
#28 /Applications/MAMP/htdocs/acme/vendor/laravel/framework/src/Illuminate/Routing/Pipeline.php(53): Illuminate\Pipeline\Pipeline->Illuminate\Pipeline\{closure}(Object(Illuminate\Http\Request))
#29 /Applications/MAMP/htdocs/acme/vendor/laravel/framework/src/Illuminate/Pipeline/Pipeline.php(102): Illuminate\Routing\Pipeline->Illuminate\Routing\{closure}(Object(Illuminate\Http\Request))
#30 /Applications/MAMP/htdocs/acme/vendor/laravel/framework/src/Illuminate/Routing/Router.php(660): Illuminate\Pipeline\Pipeline->then(Object(Closure))
#31 /Applications/MAMP/htdocs/acme/vendor/laravel/framework/src/Illuminate/Routing/Router.php(635): Illuminate\Routing\Router->runRouteWithinStack(Object(Illuminate\Routing\Route), Object(Illuminate\Http\Request))
#32 /Applications/MAMP/htdocs/acme/vendor/laravel/framework/src/Illuminate/Routing/Router.php(601): Illuminate\Routing\Router->runRoute(Object(Illuminate\Http\Request), Object(Illuminate\Routing\Route))
#33 /Applications/MAMP/htdocs/acme/vendor/october/rain/src/Router/CoreRouter.php(20): Illuminate\Routing\Router->dispatchToRoute(Object(Illuminate\Http\Request))
#34 /Applications/MAMP/htdocs/acme/vendor/laravel/framework/src/Illuminate/Foundation/Http/Kernel.php(176): October\Rain\Router\CoreRouter->dispatch(Object(Illuminate\Http\Request))
#35 /Applications/MAMP/htdocs/acme/vendor/laravel/framework/src/Illuminate/Routing/Pipeline.php(30): Illuminate\Foundation\Http\Kernel->Illuminate\Foundation\Http\{closure}(Object(Illuminate\Http\Request))
#36 /Applications/MAMP/htdocs/acme/vendor/laravel/framework/src/Illuminate/Foundation/Http/Middleware/CheckForMaintenanceMode.php(46): Illuminate\Routing\Pipeline->Illuminate\Routing\{closure}(Object(Illuminate\Http\Request))
#37 /Applications/MAMP/htdocs/acme/vendor/laravel/framework/src/Illuminate/Pipeline/Pipeline.php(149): Illuminate\Foundation\Http\Middleware\CheckForMaintenanceMode->handle(Object(Illuminate\Http\Request), Object(Closure))
#38 /Applications/MAMP/htdocs/acme/vendor/laravel/framework/src/Illuminate/Routing/Pipeline.php(53): Illuminate\Pipeline\Pipeline->Illuminate\Pipeline\{closure}(Object(Illuminate\Http\Request))
#39 /Applications/MAMP/htdocs/acme/vendor/laravel/framework/src/Illuminate/Pipeline/Pipeline.php(102): Illuminate\Routing\Pipeline->Illuminate\Routing\{closure}(Object(Illuminate\Http\Request))
#40 /Applications/MAMP/htdocs/acme/vendor/laravel/framework/src/Illuminate/Foundation/Http/Kernel.php(151): Illuminate\Pipeline\Pipeline->then(Object(Closure))
#41 /Applications/MAMP/htdocs/acme/vendor/laravel/framework/src/Illuminate/Foundation/Http/Kernel.php(116): Illuminate\Foundation\Http\Kernel->sendRequestThroughRouter(Object(Illuminate\Http\Request))
#42 /Applications/MAMP/htdocs/acme/index.php(43): Illuminate\Foundation\Http\Kernel->handle(Object(Illuminate\Http\Request))
#43 {main}  
[2019-02-14 22:29:03] dev.ERROR: ErrorException: file_get_contents(/Applications/MAMP/htdocs/acme/themes/acme/assets/less/pages/blog.less): failed to open stream: No such file or directory in /Applications/MAMP/htdocs/acme/vendor/october/rain/src/Parse/Assetic/LessCompiler.php:52
Stack trace:
#0 [internal function]: Illuminate\Foundation\Bootstrap\HandleExceptions->handleError(2, 'file_get_conten...', '/Applications/M...', 52, Array)
#1 /Applications/MAMP/htdocs/acme/vendor/october/rain/src/Parse/Assetic/LessCompiler.php(52): file_get_contents('/Applications/M...')
#2 /Applications/MAMP/htdocs/acme/modules/system/Classes/CombineAssets.php(482): October\Rain\Parse\Assetic\LessCompiler->hashAsset('/Applications/M...', '/Applications/M...')
#3 /Applications/MAMP/htdocs/acme/modules/system/Classes/CombineAssets.php(804): System\Classes\CombineAssets->getDeepHashFromAssets(Array)
#4 /Applications/MAMP/htdocs/acme/modules/system/Classes/CombineAssets.php(372): System\Classes\CombineAssets->getCacheKey(Array)
#5 /Applications/MAMP/htdocs/acme/modules/system/Classes/CombineAssets.php(183): System\Classes\CombineAssets->prepareRequest(Array, '/Applications/M...')
#6 /Applications/MAMP/htdocs/acme/modules/cms/Components/Resources.php(128): System\Classes\CombineAssets::combine(Array, '/Applications/M...')
#7 /Applications/MAMP/htdocs/acme/modules/cms/Classes/CmsCompoundObject.php(172): Cms\Components\Resources->onRun()
#8 /Applications/MAMP/htdocs/acme/modules/cms/Classes/Controller.php(500): Cms\Classes\CmsCompoundObject->runComponents()
#9 /Applications/MAMP/htdocs/acme/modules/cms/Classes/Controller.php(393): Cms\Classes\Controller->execPageCycle()
#10 /Applications/MAMP/htdocs/acme/modules/cms/Classes/Controller.php(224): Cms\Classes\Controller->runPage(Object(Cms\Classes\Page))
#11 /Applications/MAMP/htdocs/acme/modules/cms/Classes/CmsController.php(50): Cms\Classes\Controller->run('blog/post/blog-...')
#12 [internal function]: Cms\Classes\CmsController->run('blog/post/blog-...')
#13 /Applications/MAMP/htdocs/acme/vendor/laravel/framework/src/Illuminate/Routing/Controller.php(54): call_user_func_array(Array, Array)
#14 /Applications/MAMP/htdocs/acme/vendor/laravel/framework/src/Illuminate/Routing/ControllerDispatcher.php(45): Illuminate\Routing\Controller->callAction('run', Array)
#15 /Applications/MAMP/htdocs/acme/vendor/laravel/framework/src/Illuminate/Routing/Route.php(212): Illuminate\Routing\ControllerDispatcher->dispatch(Object(Illuminate\Routing\Route), Object(Cms\Classes\CmsController), 'run')
#16 /Applications/MAMP/htdocs/acme/vendor/laravel/framework/src/Illuminate/Routing/Route.php(169): Illuminate\Routing\Route->runController()
#17 /Applications/MAMP/htdocs/acme/vendor/laravel/framework/src/Illuminate/Routing/Router.php(658): Illuminate\Routing\Route->run()
#18 /Applications/MAMP/htdocs/acme/vendor/laravel/framework/src/Illuminate/Routing/Pipeline.php(30): Illuminate\Routing\Router->Illuminate\Routing\{closure}(Object(Illuminate\Http\Request))
#19 /Applications/MAMP/htdocs/acme/vendor/laravel/framework/src/Illuminate/Routing/Middleware/SubstituteBindings.php(41): Illuminate\Routing\Pipeline->Illuminate\Routing\{closure}(Object(Illuminate\Http\Request))
#20 /Applications/MAMP/htdocs/acme/vendor/laravel/framework/src/Illuminate/Pipeline/Pipeline.php(149): Illuminate\Routing\Middleware\SubstituteBindings->handle(Object(Illuminate\Http\Request), Object(Closure))
#21 /Applications/MAMP/htdocs/acme/vendor/laravel/framework/src/Illuminate/Routing/Pipeline.php(53): Illuminate\Pipeline\Pipeline->Illuminate\Pipeline\{closure}(Object(Illuminate\Http\Request))
#22 /Applications/MAMP/htdocs/acme/vendor/laravel/framework/src/Illuminate/View/Middleware/ShareErrorsFromSession.php(49): Illuminate\Routing\Pipeline->Illuminate\Routing\{closure}(Object(Illuminate\Http\Request))
#23 /Applications/MAMP/htdocs/acme/vendor/laravel/framework/src/Illuminate/Pipeline/Pipeline.php(149): Illuminate\View\Middleware\ShareErrorsFromSession->handle(Object(Illuminate\Http\Request), Object(Closure))
#24 /Applications/MAMP/htdocs/acme/vendor/laravel/framework/src/Illuminate/Routing/Pipeline.php(53): Illuminate\Pipeline\Pipeline->Illuminate\Pipeline\{closure}(Object(Illuminate\Http\Request))
#25 /Applications/MAMP/htdocs/acme/vendor/laravel/framework/src/Illuminate/Session/Middleware/StartSession.php(63): Illuminate\Routing\Pipeline->Illuminate\Routing\{closure}(Object(Illuminate\Http\Request))
#26 /Applications/MAMP/htdocs/acme/vendor/laravel/framework/src/Illuminate/Pipeline/Pipeline.php(149): Illuminate\Session\Middleware\StartSession->handle(Object(Illuminate\Http\Request), Object(Closure))
#27 /Applications/MAMP/htdocs/acme/vendor/laravel/framework/src/Illuminate/Routing/Pipeline.php(53): Illuminate\Pipeline\Pipeline->Illuminate\Pipeline\{closure}(Object(Illuminate\Http\Request))
#28 /Applications/MAMP/htdocs/acme/vendor/laravel/framework/src/Illuminate/Cookie/Middleware/AddQueuedCookiesToResponse.php(37): Illuminate\Routing\Pipeline->Illuminate\Routing\{closure}(Object(Illuminate\Http\Request))
#29 /Applications/MAMP/htdocs/acme/vendor/laravel/framework/src/Illuminate/Pipeline/Pipeline.php(149): Illuminate\Cookie\Middleware\AddQueuedCookiesToResponse->handle(Object(Illuminate\Http\Request), Object(Closure))
#30 /Applications/MAMP/htdocs/acme/vendor/laravel/framework/src/Illuminate/Routing/Pipeline.php(53): Illuminate\Pipeline\Pipeline->Illuminate\Pipeline\{closure}(Object(Illuminate\Http\Request))
#31 /Applications/MAMP/htdocs/acme/vendor/laravel/framework/src/Illuminate/Cookie/Middleware/EncryptCookies.php(66): Illuminate\Routing\Pipeline->Illuminate\Routing\{closure}(Object(Illuminate\Http\Request))
#32 /Applications/MAMP/htdocs/acme/vendor/laravel/framework/src/Illuminate/Pipeline/Pipeline.php(149): Illuminate\Cookie\Middleware\EncryptCookies->handle(Object(Illuminate\Http\Request), Object(Closure))
#33 /Applications/MAMP/htdocs/acme/vendor/laravel/framework/src/Illuminate/Routing/Pipeline.php(53): Illuminate\Pipeline\Pipeline->Illuminate\Pipeline\{closure}(Object(Illuminate\Http\Request))
#34 /Applications/MAMP/htdocs/acme/vendor/laravel/framework/src/Illuminate/Pipeline/Pipeline.php(102): Illuminate\Routing\Pipeline->Illuminate\Routing\{closure}(Object(Illuminate\Http\Request))
#35 /Applications/MAMP/htdocs/acme/vendor/laravel/framework/src/Illuminate/Routing/Router.php(660): Illuminate\Pipeline\Pipeline->then(Object(Closure))
#36 /Applications/MAMP/htdocs/acme/vendor/laravel/framework/src/Illuminate/Routing/Router.php(635): Illuminate\Routing\Router->runRouteWithinStack(Object(Illuminate\Routing\Route), Object(Illuminate\Http\Request))
#37 /Applications/MAMP/htdocs/acme/vendor/laravel/framework/src/Illuminate/Routing/Router.php(601): Illuminate\Routing\Router->runRoute(Object(Illuminate\Http\Request), Object(Illuminate\Routing\Route))
#38 /Applications/MAMP/htdocs/acme/vendor/october/rain/src/Router/CoreRouter.php(20): Illuminate\Routing\Router->dispatchToRoute(Object(Illuminate\Http\Request))
#39 /Applications/MAMP/htdocs/acme/vendor/laravel/framework/src/Illuminate/Foundation/Http/Kernel.php(176): October\Rain\Router\CoreRouter->dispatch(Object(Illuminate\Http\Request))
#40 /Applications/MAMP/htdocs/acme/vendor/laravel/framework/src/Illuminate/Routing/Pipeline.php(30): Illuminate\Foundation\Http\Kernel->Illuminate\Foundation\Http\{closure}(Object(Illuminate\Http\Request))
#41 /Applications/MAMP/htdocs/acme/vendor/laravel/framework/src/Illuminate/Foundation/Http/Middleware/CheckForMaintenanceMode.php(46): Illuminate\Routing\Pipeline->Illuminate\Routing\{closure}(Object(Illuminate\Http\Request))
#42 /Applications/MAMP/htdocs/acme/vendor/laravel/framework/src/Illuminate/Pipeline/Pipeline.php(149): Illuminate\Foundation\Http\Middleware\CheckForMaintenanceMode->handle(Object(Illuminate\Http\Request), Object(Closure))
#43 /Applications/MAMP/htdocs/acme/vendor/laravel/framework/src/Illuminate/Routing/Pipeline.php(53): Illuminate\Pipeline\Pipeline->Illuminate\Pipeline\{closure}(Object(Illuminate\Http\Request))
#44 /Applications/MAMP/htdocs/acme/vendor/laravel/framework/src/Illuminate/Pipeline/Pipeline.php(102): Illuminate\Routing\Pipeline->Illuminate\Routing\{closure}(Object(Illuminate\Http\Request))
#45 /Applications/MAMP/htdocs/acme/vendor/laravel/framework/src/Illuminate/Foundation/Http/Kernel.php(151): Illuminate\Pipeline\Pipeline->then(Object(Closure))
#46 /Applications/MAMP/htdocs/acme/vendor/laravel/framework/src/Illuminate/Foundation/Http/Kernel.php(116): Illuminate\Foundation\Http\Kernel->sendRequestThroughRouter(Object(Illuminate\Http\Request))
#47 /Applications/MAMP/htdocs/acme/index.php(43): Illuminate\Foundation\Http\Kernel->handle(Object(Illuminate\Http\Request))
#48 {main}  
[2019-02-14 22:56:46] dev.ERROR: Symfony\Component\Debug\Exception\FatalThrowableError: Parse error: syntax error, unexpected '}', expecting ';' in /Applications/MAMP/htdocs/acme/plugins/heyang/resources/components/Links.php:34
Stack trace:
#0 /Applications/MAMP/htdocs/acme/vendor/october/rain/src/Support/ClassLoader.php(99): October\Rain\Support\ClassLoader->includeClass('Heyang\\Resource...', 'plugins/heyang/...')
#1 [internal function]: October\Rain\Support\ClassLoader->load('Heyang\\Resource...')
#2 [internal function]: spl_autoload_call('Heyang\\Resource...')
#3 /Applications/MAMP/htdocs/acme/vendor/laravel/framework/src/Illuminate/Container/Container.php(752): ReflectionClass->__construct('\\Heyang\\Resourc...')
#4 /Applications/MAMP/htdocs/acme/vendor/laravel/framework/src/Illuminate/Container/Container.php(631): Illuminate\Container\Container->build('\\Heyang\\Resourc...')
#5 /Applications/MAMP/htdocs/acme/vendor/laravel/framework/src/Illuminate/Container/Container.php(586): Illuminate\Container\Container->resolve('\\Heyang\\Resourc...', Array)
#6 /Applications/MAMP/htdocs/acme/vendor/laravel/framework/src/Illuminate/Foundation/Application.php(732): Illuminate\Container\Container->make('\\Heyang\\Resourc...', Array)
#7 /Applications/MAMP/htdocs/acme/vendor/october/rain/src/Foundation/Application.php(162): Illuminate\Foundation\Application->make('\\Heyang\\Resourc...')
#8 /Applications/MAMP/htdocs/acme/vendor/laravel/framework/src/Illuminate/Support/Facades/Facade.php(221): October\Rain\Foundation\Application->make('\\Heyang\\Resourc...')
#9 /Applications/MAMP/htdocs/acme/modules/cms/Widgets/ComponentList.php(91): Illuminate\Support\Facades\Facade::__callStatic('make', Array)
#10 /Applications/MAMP/htdocs/acme/modules/cms/Widgets/ComponentList.php(40): Cms\Widgets\ComponentList->getData()
#11 /Applications/MAMP/htdocs/acme/modules/cms/controllers/index/_sidepanel.htm(69): Cms\Widgets\ComponentList->render()
#12 /Applications/MAMP/htdocs/acme/modules/system/Traits/ViewMaker.php(247): include('/Applications/M...')
#13 /Applications/MAMP/htdocs/acme/modules/system/Traits/ViewMaker.php(97): Backend\Classes\Controller->makeFileContents('/Applications/M...', Array)
#14 /Applications/MAMP/htdocs/acme/modules/cms/controllers/index/index.htm(3): Backend\Classes\Controller->makePartial('_sidepanel.htm')
#15 /Applications/MAMP/htdocs/acme/modules/system/Traits/ViewMaker.php(247): include('/Applications/M...')
#16 /Applications/MAMP/htdocs/acme/modules/system/Traits/ViewMaker.php(109): Backend\Classes\Controller->makeFileContents('/Applications/M...')
#17 /Applications/MAMP/htdocs/acme/modules/backend/Classes/Controller.php(364): Backend\Classes\Controller->makeView('index')
#18 /Applications/MAMP/htdocs/acme/modules/backend/Classes/Controller.php(246): Backend\Classes\Controller->execPageAction('index', Array)
#19 /Applications/MAMP/htdocs/acme/modules/backend/Classes/BackendController.php(97): Backend\Classes\Controller->run('index', Array)
#20 [internal function]: Backend\Classes\BackendController->run('cms')
#21 /Applications/MAMP/htdocs/acme/vendor/laravel/framework/src/Illuminate/Routing/Controller.php(54): call_user_func_array(Array, Array)
#22 /Applications/MAMP/htdocs/acme/vendor/laravel/framework/src/Illuminate/Routing/ControllerDispatcher.php(45): Illuminate\Routing\Controller->callAction('run', Array)
#23 /Applications/MAMP/htdocs/acme/vendor/laravel/framework/src/Illuminate/Routing/Route.php(212): Illuminate\Routing\ControllerDispatcher->dispatch(Object(Illuminate\Routing\Route), Object(Backend\Classes\BackendController), 'run')
#24 /Applications/MAMP/htdocs/acme/vendor/laravel/framework/src/Illuminate/Routing/Route.php(169): Illuminate\Routing\Route->runController()
#25 /Applications/MAMP/htdocs/acme/vendor/laravel/framework/src/Illuminate/Routing/Router.php(658): Illuminate\Routing\Route->run()
#26 /Applications/MAMP/htdocs/acme/vendor/laravel/framework/src/Illuminate/Routing/Pipeline.php(30): Illuminate\Routing\Router->Illuminate\Routing\{closure}(Object(Illuminate\Http\Request))
#27 /Applications/MAMP/htdocs/acme/vendor/laravel/framework/src/Illuminate/Routing/Middleware/SubstituteBindings.php(41): Illuminate\Routing\Pipeline->Illuminate\Routing\{closure}(Object(Illuminate\Http\Request))
#28 /Applications/MAMP/htdocs/acme/vendor/laravel/framework/src/Illuminate/Pipeline/Pipeline.php(149): Illuminate\Routing\Middleware\SubstituteBindings->handle(Object(Illuminate\Http\Request), Object(Closure))
#29 /Applications/MAMP/htdocs/acme/vendor/laravel/framework/src/Illuminate/Routing/Pipeline.php(53): Illuminate\Pipeline\Pipeline->Illuminate\Pipeline\{closure}(Object(Illuminate\Http\Request))
#30 /Applications/MAMP/htdocs/acme/vendor/laravel/framework/src/Illuminate/View/Middleware/ShareErrorsFromSession.php(49): Illuminate\Routing\Pipeline->Illuminate\Routing\{closure}(Object(Illuminate\Http\Request))
#31 /Applications/MAMP/htdocs/acme/vendor/laravel/framework/src/Illuminate/Pipeline/Pipeline.php(149): Illuminate\View\Middleware\ShareErrorsFromSession->handle(Object(Illuminate\Http\Request), Object(Closure))
#32 /Applications/MAMP/htdocs/acme/vendor/laravel/framework/src/Illuminate/Routing/Pipeline.php(53): Illuminate\Pipeline\Pipeline->Illuminate\Pipeline\{closure}(Object(Illuminate\Http\Request))
#33 /Applications/MAMP/htdocs/acme/vendor/laravel/framework/src/Illuminate/Session/Middleware/StartSession.php(63): Illuminate\Routing\Pipeline->Illuminate\Routing\{closure}(Object(Illuminate\Http\Request))
#34 /Applications/MAMP/htdocs/acme/vendor/laravel/framework/src/Illuminate/Pipeline/Pipeline.php(149): Illuminate\Session\Middleware\StartSession->handle(Object(Illuminate\Http\Request), Object(Closure))
#35 /Applications/MAMP/htdocs/acme/vendor/laravel/framework/src/Illuminate/Routing/Pipeline.php(53): Illuminate\Pipeline\Pipeline->Illuminate\Pipeline\{closure}(Object(Illuminate\Http\Request))
#36 /Applications/MAMP/htdocs/acme/vendor/laravel/framework/src/Illuminate/Cookie/Middleware/AddQueuedCookiesToResponse.php(37): Illuminate\Routing\Pipeline->Illuminate\Routing\{closure}(Object(Illuminate\Http\Request))
#37 /Applications/MAMP/htdocs/acme/vendor/laravel/framework/src/Illuminate/Pipeline/Pipeline.php(149): Illuminate\Cookie\Middleware\AddQueuedCookiesToResponse->handle(Object(Illuminate\Http\Request), Object(Closure))
#38 /Applications/MAMP/htdocs/acme/vendor/laravel/framework/src/Illuminate/Routing/Pipeline.php(53): Illuminate\Pipeline\Pipeline->Illuminate\Pipeline\{closure}(Object(Illuminate\Http\Request))
#39 /Applications/MAMP/htdocs/acme/vendor/laravel/framework/src/Illuminate/Cookie/Middleware/EncryptCookies.php(66): Illuminate\Routing\Pipeline->Illuminate\Routing\{closure}(Object(Illuminate\Http\Request))
#40 /Applications/MAMP/htdocs/acme/vendor/laravel/framework/src/Illuminate/Pipeline/Pipeline.php(149): Illuminate\Cookie\Middleware\EncryptCookies->handle(Object(Illuminate\Http\Request), Object(Closure))
#41 /Applications/MAMP/htdocs/acme/vendor/laravel/framework/src/Illuminate/Routing/Pipeline.php(53): Illuminate\Pipeline\Pipeline->Illuminate\Pipeline\{closure}(Object(Illuminate\Http\Request))
#42 /Applications/MAMP/htdocs/acme/vendor/laravel/framework/src/Illuminate/Pipeline/Pipeline.php(102): Illuminate\Routing\Pipeline->Illuminate\Routing\{closure}(Object(Illuminate\Http\Request))
#43 /Applications/MAMP/htdocs/acme/vendor/laravel/framework/src/Illuminate/Routing/Router.php(660): Illuminate\Pipeline\Pipeline->then(Object(Closure))
#44 /Applications/MAMP/htdocs/acme/vendor/laravel/framework/src/Illuminate/Routing/Router.php(635): Illuminate\Routing\Router->runRouteWithinStack(Object(Illuminate\Routing\Route), Object(Illuminate\Http\Request))
#45 /Applications/MAMP/htdocs/acme/vendor/laravel/framework/src/Illuminate/Routing/Router.php(601): Illuminate\Routing\Router->runRoute(Object(Illuminate\Http\Request), Object(Illuminate\Routing\Route))
#46 /Applications/MAMP/htdocs/acme/vendor/october/rain/src/Router/CoreRouter.php(20): Illuminate\Routing\Router->dispatchToRoute(Object(Illuminate\Http\Request))
#47 /Applications/MAMP/htdocs/acme/vendor/laravel/framework/src/Illuminate/Foundation/Http/Kernel.php(176): October\Rain\Router\CoreRouter->dispatch(Object(Illuminate\Http\Request))
#48 /Applications/MAMP/htdocs/acme/vendor/laravel/framework/src/Illuminate/Routing/Pipeline.php(30): Illuminate\Foundation\Http\Kernel->Illuminate\Foundation\Http\{closure}(Object(Illuminate\Http\Request))
#49 /Applications/MAMP/htdocs/acme/vendor/laravel/framework/src/Illuminate/Foundation/Http/Middleware/CheckForMaintenanceMode.php(46): Illuminate\Routing\Pipeline->Illuminate\Routing\{closure}(Object(Illuminate\Http\Request))
#50 /Applications/MAMP/htdocs/acme/vendor/laravel/framework/src/Illuminate/Pipeline/Pipeline.php(149): Illuminate\Foundation\Http\Middleware\CheckForMaintenanceMode->handle(Object(Illuminate\Http\Request), Object(Closure))
#51 /Applications/MAMP/htdocs/acme/vendor/laravel/framework/src/Illuminate/Routing/Pipeline.php(53): Illuminate\Pipeline\Pipeline->Illuminate\Pipeline\{closure}(Object(Illuminate\Http\Request))
#52 /Applications/MAMP/htdocs/acme/vendor/laravel/framework/src/Illuminate/Pipeline/Pipeline.php(102): Illuminate\Routing\Pipeline->Illuminate\Routing\{closure}(Object(Illuminate\Http\Request))
#53 /Applications/MAMP/htdocs/acme/vendor/laravel/framework/src/Illuminate/Foundation/Http/Kernel.php(151): Illuminate\Pipeline\Pipeline->then(Object(Closure))
#54 /Applications/MAMP/htdocs/acme/vendor/laravel/framework/src/Illuminate/Foundation/Http/Kernel.php(116): Illuminate\Foundation\Http\Kernel->sendRequestThroughRouter(Object(Illuminate\Http\Request))
#55 /Applications/MAMP/htdocs/acme/index.php(43): Illuminate\Foundation\Http\Kernel->handle(Object(Illuminate\Http\Request))
#56 {main}  
[2019-02-14 22:58:56] dev.ERROR: Twig_Error_Syntax: Unknown "components" tag. Did you mean "component" in "/Applications/MAMP/htdocs/acme/themes/acme/pages/about.htm" at line 5? in /Applications/MAMP/htdocs/acme/vendor/twig/twig/lib/Twig/Parser.php:158
Stack trace:
#0 /Applications/MAMP/htdocs/acme/vendor/twig/twig/lib/Twig/Parser.php(81): Twig_Parser->subparse(NULL, false)
#1 /Applications/MAMP/htdocs/acme/vendor/twig/twig/lib/Twig/Environment.php(533): Twig_Parser->parse(Object(Twig_TokenStream))
#2 /Applications/MAMP/htdocs/acme/vendor/twig/twig/lib/Twig/Environment.php(565): Twig_Environment->parse(Object(Twig_TokenStream))
#3 /Applications/MAMP/htdocs/acme/vendor/twig/twig/lib/Twig/Environment.php(368): Twig_Environment->compileSource(Object(Twig_Source))
#4 /Applications/MAMP/htdocs/acme/modules/cms/Classes/Controller.php(423): Twig_Environment->loadTemplate('/Applications/M...')
#5 /Applications/MAMP/htdocs/acme/modules/cms/Classes/Controller.php(224): Cms\Classes\Controller->runPage(Object(Cms\Classes\Page))
#6 /Applications/MAMP/htdocs/acme/modules/cms/Classes/CmsController.php(50): Cms\Classes\Controller->run('about')
#7 [internal function]: Cms\Classes\CmsController->run('about')
#8 /Applications/MAMP/htdocs/acme/vendor/laravel/framework/src/Illuminate/Routing/Controller.php(54): call_user_func_array(Array, Array)
#9 /Applications/MAMP/htdocs/acme/vendor/laravel/framework/src/Illuminate/Routing/ControllerDispatcher.php(45): Illuminate\Routing\Controller->callAction('run', Array)
#10 /Applications/MAMP/htdocs/acme/vendor/laravel/framework/src/Illuminate/Routing/Route.php(212): Illuminate\Routing\ControllerDispatcher->dispatch(Object(Illuminate\Routing\Route), Object(Cms\Classes\CmsController), 'run')
#11 /Applications/MAMP/htdocs/acme/vendor/laravel/framework/src/Illuminate/Routing/Route.php(169): Illuminate\Routing\Route->runController()
#12 /Applications/MAMP/htdocs/acme/vendor/laravel/framework/src/Illuminate/Routing/Router.php(658): Illuminate\Routing\Route->run()
#13 /Applications/MAMP/htdocs/acme/vendor/laravel/framework/src/Illuminate/Routing/Pipeline.php(30): Illuminate\Routing\Router->Illuminate\Routing\{closure}(Object(Illuminate\Http\Request))
#14 /Applications/MAMP/htdocs/acme/vendor/laravel/framework/src/Illuminate/Routing/Middleware/SubstituteBindings.php(41): Illuminate\Routing\Pipeline->Illuminate\Routing\{closure}(Object(Illuminate\Http\Request))
#15 /Applications/MAMP/htdocs/acme/vendor/laravel/framework/src/Illuminate/Pipeline/Pipeline.php(149): Illuminate\Routing\Middleware\SubstituteBindings->handle(Object(Illuminate\Http\Request), Object(Closure))
#16 /Applications/MAMP/htdocs/acme/vendor/laravel/framework/src/Illuminate/Routing/Pipeline.php(53): Illuminate\Pipeline\Pipeline->Illuminate\Pipeline\{closure}(Object(Illuminate\Http\Request))
#17 /Applications/MAMP/htdocs/acme/vendor/laravel/framework/src/Illuminate/View/Middleware/ShareErrorsFromSession.php(49): Illuminate\Routing\Pipeline->Illuminate\Routing\{closure}(Object(Illuminate\Http\Request))
#18 /Applications/MAMP/htdocs/acme/vendor/laravel/framework/src/Illuminate/Pipeline/Pipeline.php(149): Illuminate\View\Middleware\ShareErrorsFromSession->handle(Object(Illuminate\Http\Request), Object(Closure))
#19 /Applications/MAMP/htdocs/acme/vendor/laravel/framework/src/Illuminate/Routing/Pipeline.php(53): Illuminate\Pipeline\Pipeline->Illuminate\Pipeline\{closure}(Object(Illuminate\Http\Request))
#20 /Applications/MAMP/htdocs/acme/vendor/laravel/framework/src/Illuminate/Session/Middleware/StartSession.php(63): Illuminate\Routing\Pipeline->Illuminate\Routing\{closure}(Object(Illuminate\Http\Request))
#21 /Applications/MAMP/htdocs/acme/vendor/laravel/framework/src/Illuminate/Pipeline/Pipeline.php(149): Illuminate\Session\Middleware\StartSession->handle(Object(Illuminate\Http\Request), Object(Closure))
#22 /Applications/MAMP/htdocs/acme/vendor/laravel/framework/src/Illuminate/Routing/Pipeline.php(53): Illuminate\Pipeline\Pipeline->Illuminate\Pipeline\{closure}(Object(Illuminate\Http\Request))
#23 /Applications/MAMP/htdocs/acme/vendor/laravel/framework/src/Illuminate/Cookie/Middleware/AddQueuedCookiesToResponse.php(37): Illuminate\Routing\Pipeline->Illuminate\Routing\{closure}(Object(Illuminate\Http\Request))
#24 /Applications/MAMP/htdocs/acme/vendor/laravel/framework/src/Illuminate/Pipeline/Pipeline.php(149): Illuminate\Cookie\Middleware\AddQueuedCookiesToResponse->handle(Object(Illuminate\Http\Request), Object(Closure))
#25 /Applications/MAMP/htdocs/acme/vendor/laravel/framework/src/Illuminate/Routing/Pipeline.php(53): Illuminate\Pipeline\Pipeline->Illuminate\Pipeline\{closure}(Object(Illuminate\Http\Request))
#26 /Applications/MAMP/htdocs/acme/vendor/laravel/framework/src/Illuminate/Cookie/Middleware/EncryptCookies.php(66): Illuminate\Routing\Pipeline->Illuminate\Routing\{closure}(Object(Illuminate\Http\Request))
#27 /Applications/MAMP/htdocs/acme/vendor/laravel/framework/src/Illuminate/Pipeline/Pipeline.php(149): Illuminate\Cookie\Middleware\EncryptCookies->handle(Object(Illuminate\Http\Request), Object(Closure))
#28 /Applications/MAMP/htdocs/acme/vendor/laravel/framework/src/Illuminate/Routing/Pipeline.php(53): Illuminate\Pipeline\Pipeline->Illuminate\Pipeline\{closure}(Object(Illuminate\Http\Request))
#29 /Applications/MAMP/htdocs/acme/vendor/laravel/framework/src/Illuminate/Pipeline/Pipeline.php(102): Illuminate\Routing\Pipeline->Illuminate\Routing\{closure}(Object(Illuminate\Http\Request))
#30 /Applications/MAMP/htdocs/acme/vendor/laravel/framework/src/Illuminate/Routing/Router.php(660): Illuminate\Pipeline\Pipeline->then(Object(Closure))
#31 /Applications/MAMP/htdocs/acme/vendor/laravel/framework/src/Illuminate/Routing/Router.php(635): Illuminate\Routing\Router->runRouteWithinStack(Object(Illuminate\Routing\Route), Object(Illuminate\Http\Request))
#32 /Applications/MAMP/htdocs/acme/vendor/laravel/framework/src/Illuminate/Routing/Router.php(601): Illuminate\Routing\Router->runRoute(Object(Illuminate\Http\Request), Object(Illuminate\Routing\Route))
#33 /Applications/MAMP/htdocs/acme/vendor/october/rain/src/Router/CoreRouter.php(20): Illuminate\Routing\Router->dispatchToRoute(Object(Illuminate\Http\Request))
#34 /Applications/MAMP/htdocs/acme/vendor/laravel/framework/src/Illuminate/Foundation/Http/Kernel.php(176): October\Rain\Router\CoreRouter->dispatch(Object(Illuminate\Http\Request))
#35 /Applications/MAMP/htdocs/acme/vendor/laravel/framework/src/Illuminate/Routing/Pipeline.php(30): Illuminate\Foundation\Http\Kernel->Illuminate\Foundation\Http\{closure}(Object(Illuminate\Http\Request))
#36 /Applications/MAMP/htdocs/acme/vendor/laravel/framework/src/Illuminate/Foundation/Http/Middleware/CheckForMaintenanceMode.php(46): Illuminate\Routing\Pipeline->Illuminate\Routing\{closure}(Object(Illuminate\Http\Request))
#37 /Applications/MAMP/htdocs/acme/vendor/laravel/framework/src/Illuminate/Pipeline/Pipeline.php(149): Illuminate\Foundation\Http\Middleware\CheckForMaintenanceMode->handle(Object(Illuminate\Http\Request), Object(Closure))
#38 /Applications/MAMP/htdocs/acme/vendor/laravel/framework/src/Illuminate/Routing/Pipeline.php(53): Illuminate\Pipeline\Pipeline->Illuminate\Pipeline\{closure}(Object(Illuminate\Http\Request))
#39 /Applications/MAMP/htdocs/acme/vendor/laravel/framework/src/Illuminate/Pipeline/Pipeline.php(102): Illuminate\Routing\Pipeline->Illuminate\Routing\{closure}(Object(Illuminate\Http\Request))
#40 /Applications/MAMP/htdocs/acme/vendor/laravel/framework/src/Illuminate/Foundation/Http/Kernel.php(151): Illuminate\Pipeline\Pipeline->then(Object(Closure))
#41 /Applications/MAMP/htdocs/acme/vendor/laravel/framework/src/Illuminate/Foundation/Http/Kernel.php(116): Illuminate\Foundation\Http\Kernel->sendRequestThroughRouter(Object(Illuminate\Http\Request))
#42 /Applications/MAMP/htdocs/acme/index.php(43): Illuminate\Foundation\Http\Kernel->handle(Object(Illuminate\Http\Request))
#43 {main}  
