.====================================================================.
                                                                      
 .d8888b.   .o8888b.   db  .d8888b.  d8888b. d88888b d8888b.  .d888b. 
.8P    Y8. d8P    Y8   88 .8P    Y8. 88  `8D 88'     88  `8D .8P , Y8.
88      88 8P      oooo88 88      88 88oooY' 88oooo  88oobY' 88  |  88
88      88 8b      ~~~~88 88      88 88~~~b. 88~~~~  88`8b   88  |/ 88
`8b    d8' Y8b    d8   88 `8b    d8' 88   8D 88.     88 `88. `8b | d8'
 `Y8888P'   `Y8888P'   YP  `Y8888P'  Y8888P' Y88888P 88   YD  `Y888P' 
                                                                      
`========================== INSTALLATION LOG ========================'

[2019/02/15 10:11:14] Host: Darwin Hes-MacBook-Pro.local 17.7.0 Darwin Kernel Version 17.7.0: Wed Oct 10 23:06:14 PDT 2018; root:xnu-4570.71.13~1/RELEASE_X86_64 x86_64
[2019/02/15 10:11:14] PHP version: 7.2.8
[2019/02/15 10:11:14] Server software: Apache/2.2.34 (Unix) mod_wsgi/3.5 Python/2.7.13 PHP/7.2.8 mod_ssl/2.2.34 OpenSSL/1.0.2o DAV/2 mod_fastcgi/mod_fastcgi-SNAP-0910052141 mod_perl/2.0.9 Perl/v5.24.0
[2019/02/15 10:11:14] Operating system: Darwin
[2019/02/15 10:11:14] Memory limit: 128M
[2019/02/15 10:11:14] Max execution time: 3600
.============================ POST REQUEST ==========================.
[2019/02/15 10:11:14] Postback payload: Array
(
    [code] => phpVersion
    [handler] => onCheckRequirement
)

[2019/02/15 10:11:14] System check: phpVersion
[2019/02/15 10:11:14] Requirement phpVersion +OK
[2019/02/15 10:11:14] Execute handler (onCheckRequirement): Array
(
    [result] => 1
)

.============================ POST REQUEST ==========================.
[2019/02/15 10:11:14] Postback payload: Array
(
    [code] => curlLibrary
    [handler] => onCheckRequirement
)

[2019/02/15 10:11:14] System check: curlLibrary
[2019/02/15 10:11:14] Requirement curlLibrary +OK
[2019/02/15 10:11:14] Execute handler (onCheckRequirement): Array
(
    [result] => 1
)

.============================ POST REQUEST ==========================.
[2019/02/15 10:11:15] Postback payload: Array
(
    [code] => liveConnection
    [handler] => onCheckRequirement
)

[2019/02/15 10:11:15] System check: liveConnection
[2019/02/15 10:11:15] Server request: ping
[2019/02/15 10:11:15] Request information: Array
(
    [url] => http://octobercms.com/api/ping
    [content_type] => application/json
    [http_code] => 200
    [header_size] => 361
    [request_size] => 171
    [filetime] => -1
    [ssl_verify_result] => 0
    [redirect_count] => 0
    [total_time] => 0.365352
    [namelookup_time] => 0.005558
    [connect_time] => 0.040541
    [pretransfer_time] => 0.040602
    [size_upload] => 40
    [size_download] => 12
    [speed_download] => 32
    [speed_upload] => 109
    [download_content_length] => 12
    [upload_content_length] => 40
    [starttransfer_time] => 0.365315
    [redirect_time] => 0
    [redirect_url] => 
    [primary_ip] => 2606:4700:30::6818:710c
    [certinfo] => Array
        (
        )

    [primary_port] => 80
    [local_ip] => 2407:7000:9003:9437:216b:ed83:3048:b580
    [local_port] => 49597
)

[2019/02/15 10:11:15] Requirement liveConnection +OK
[2019/02/15 10:11:15] Execute handler (onCheckRequirement): Array
(
    [result] => 1
)

.============================ POST REQUEST ==========================.
[2019/02/15 10:11:16] Postback payload: Array
(
    [code] => writePermission
    [handler] => onCheckRequirement
)

[2019/02/15 10:11:16] System check: writePermission
[2019/02/15 10:11:16] Requirement writePermission +OK
[2019/02/15 10:11:16] Execute handler (onCheckRequirement): Array
(
    [result] => 1
)

.============================ POST REQUEST ==========================.
[2019/02/15 10:11:16] Postback payload: Array
(
    [code] => pdoLibrary
    [handler] => onCheckRequirement
)

[2019/02/15 10:11:16] System check: pdoLibrary
[2019/02/15 10:11:16] Requirement pdoLibrary +OK
[2019/02/15 10:11:16] Execute handler (onCheckRequirement): Array
(
    [result] => 1
)

.============================ POST REQUEST ==========================.
[2019/02/15 10:11:17] Postback payload: Array
(
    [code] => mbstringLibrary
    [handler] => onCheckRequirement
)

[2019/02/15 10:11:17] System check: mbstringLibrary
[2019/02/15 10:11:17] Requirement mbstringLibrary +OK
[2019/02/15 10:11:17] Execute handler (onCheckRequirement): Array
(
    [result] => 1
)

.============================ POST REQUEST ==========================.
[2019/02/15 10:11:17] Postback payload: Array
(
    [code] => fileinfoLibrary
    [handler] => onCheckRequirement
)

[2019/02/15 10:11:17] System check: fileinfoLibrary
[2019/02/15 10:11:17] Requirement fileinfoLibrary +OK
[2019/02/15 10:11:17] Execute handler (onCheckRequirement): Array
(
    [result] => 1
)

.============================ POST REQUEST ==========================.
[2019/02/15 10:11:18] Postback payload: Array
(
    [code] => sslLibrary
    [handler] => onCheckRequirement
)

[2019/02/15 10:11:18] System check: sslLibrary
[2019/02/15 10:11:18] Requirement sslLibrary +OK
[2019/02/15 10:11:18] Execute handler (onCheckRequirement): Array
(
    [result] => 1
)

.============================ POST REQUEST ==========================.
[2019/02/15 10:11:18] Postback payload: Array
(
    [code] => zipLibrary
    [handler] => onCheckRequirement
)

[2019/02/15 10:11:18] System check: zipLibrary
[2019/02/15 10:11:18] Requirement zipLibrary +OK
[2019/02/15 10:11:18] Execute handler (onCheckRequirement): Array
(
    [result] => 1
)

.============================ POST REQUEST ==========================.
[2019/02/15 10:11:19] Postback payload: Array
(
    [code] => gdLibrary
    [handler] => onCheckRequirement
)

[2019/02/15 10:11:19] System check: gdLibrary
[2019/02/15 10:11:19] Requirement gdLibrary +OK
[2019/02/15 10:11:19] Execute handler (onCheckRequirement): Array
(
    [result] => 1
)

.============================ POST REQUEST ==========================.
[2019/02/15 10:12:54] Postback payload: Array
(
    [db_type] => mysql
    [db_host] => localhost
    [db_port] => 
    [db_name] => acme_oct
    [db_user] => root
    [db_pass] => *******
    [admin_first_name] => He
    [admin_last_name] => Yang
    [admin_email] => *******@*****.com
    [admin_login] => admin
    [admin_password] => *******
    [admin_confirm_password] => *******
    [backend_uri] => /backend
    [encryption_code] => *******
    [file_mask] => 777
    [folder_mask] => 777
    [handler] => onValidateDatabase
)

.============================ POST REQUEST ==========================.
[2019/02/15 10:12:54] Postback payload: Array
(
    [db_type] => mysql
    [db_host] => localhost
    [db_port] => 
    [db_name] => acme_oct
    [db_user] => root
    [db_pass] => *******
    [admin_first_name] => He
    [admin_last_name] => Yang
    [admin_email] => *******@*****.com
    [admin_login] => admin
    [admin_password] => *******
    [admin_confirm_password] => *******
    [backend_uri] => /backend
    [encryption_code] => *******
    [file_mask] => 777
    [folder_mask] => 777
    [handler] => onValidateAdminAccount
)

.============================ POST REQUEST ==========================.
[2019/02/15 10:12:54] Postback payload: Array
(
    [db_type] => mysql
    [db_host] => localhost
    [db_port] => 
    [db_name] => acme_oct
    [db_user] => root
    [db_pass] => *******
    [admin_first_name] => He
    [admin_last_name] => Yang
    [admin_email] => *******@*****.com
    [admin_login] => admin
    [admin_password] => *******
    [admin_confirm_password] => *******
    [backend_uri] => /backend
    [encryption_code] => *******
    [file_mask] => 777
    [folder_mask] => 777
    [handler] => onValidateAdvancedConfig
)

.============================ POST REQUEST ==========================.
[2019/02/15 10:13:20] Postback payload: Array
(
    [handler] => onGetPopularThemes
)

[2019/02/15 10:13:21] Server request: theme/popular
[2019/02/15 10:13:21] Request information: Array
(
    [url] => http://octobercms.com/api/theme/popular
    [content_type] => application/json
    [http_code] => 200
    [header_size] => 363
    [request_size] => 180
    [filetime] => -1
    [ssl_verify_result] => 0
    [redirect_count] => 0
    [total_time] => 0.419952
    [namelookup_time] => 0.004697
    [connect_time] => 0.033434
    [pretransfer_time] => 0.033484
    [size_upload] => 40
    [size_download] => 3875
    [speed_download] => 9248
    [speed_upload] => 95
    [download_content_length] => 3875
    [upload_content_length] => 40
    [starttransfer_time] => 0.419
    [redirect_time] => 0
    [redirect_url] => 
    [primary_ip] => 2606:4700:30::6818:710c
    [certinfo] => Array
        (
        )

    [primary_port] => 80
    [local_ip] => 2407:7000:9003:9437:216b:ed83:3048:b580
    [local_port] => 49609
)

[2019/02/15 10:13:21] Execute handler (onGetPopularThemes): Array
(
    [0] => Array
        (
            [name] => Clean Blog
            [description] => Clean blogger theme.
            [code] => Responsiv.Clean
            [updated_at] => 2019-02-14 00:58:19
            [image] => //octobercms.com/storage/app/uploads/public/58e/304/7a4/thumb_6978_210_140_0_0_crop.png
            [author] => Responsiv Internet
            [hash] => 07e5b7066168a94349ac92018770c2e8
            [demo_url] => http://daftspunk.com/
            [product_url] => http://octobercms.com/theme/responsiv-clean
        )

    [1] => Array
        (
            [name] => New Age
            [description] => Landing page for mobile apps
            [code] => VojtaSvoboda.newage
            [updated_at] => 2019-02-13 03:34:32
            [image] => //octobercms.com/storage/app/uploads/public/580/7eb/dc9/thumb_5770_210_140_0_0_crop.png
            [author] => Vojta Svoboda
            [hash] => 09d9e47e64a2ed47dc35146a792008c2
            [demo_url] => https://blackrockdigital.github.io/startbootstrap-new-age/
            [product_url] => http://octobercms.com/theme/vojtasvoboda-newage
        )

    [2] => Array
        (
            [name] => Stellar
            [description] => a clean, responsive one page and blog theme
            [code] => Zwiebl.zwiebl_stellar
            [updated_at] => 2019-02-13 18:03:45
            [image] => //octobercms.com/storage/app/uploads/public/57e/bb4/fe9/thumb_5641_210_140_0_0_crop.png
            [author] => Alpen.Space
            [hash] => 19345446d87ad08e6937503019a43fd9
            [demo_url] => https://demo-stellar.alpen.space/
            [product_url] => http://octobercms.com/theme/zwiebl-zwiebl-stellar
        )

    [3] => Array
        (
            [name] => Blank Bootstrap 4
            [description] => A blank Bootstrap 4 template
            [code] => Hambern.hambern-blank-bootstrap-4
            [updated_at] => 2019-02-14 12:12:09
            [image] => //octobercms.com/storage/app/uploads/public/57b/9ba/c48/thumb_5365_210_140_0_0_crop.png
            [author] => Mattias Hamberg
            [hash] => 9a6762de633774de2cebf69a88f290d1
            [demo_url] => 
            [product_url] => http://octobercms.com/theme/hambern-hambern-blank-bootstrap-4
        )

    [4] => Array
        (
            [name] => Bonjour
            [description] => A sample multi-lingual theme for translated content.
            [code] => RainLab.Bonjour
            [updated_at] => 2019-02-14 00:58:19
            [image] => //octobercms.com/storage/app/uploads/public/577/9df/850/thumb_4911_210_140_0_0_crop.png
            [author] => RainLab
            [hash] => f1084f81e0e1c5c8d22317794292deb3
            [demo_url] => 
            [product_url] => http://octobercms.com/theme/rainlab-bonjour
        )

    [5] => Array
        (
            [name] => Viola
            [description] => One Page Theme based on Bootstrap 4 with different color schemes, scss files included
            [code] => JumpLink.Viola
            [updated_at] => 2019-02-11 19:45:32
            [image] => //octobercms.com/storage/app/uploads/public/574/6af/435/thumb_4705_210_140_0_0_crop.png
            [author] => JumpLink
            [hash] => fe09a3915724fcc241e0e5914c8ea346
            [demo_url] => http://healthyteeth.jumplink.eu/
            [product_url] => http://octobercms.com/theme/jumplink-viola
        )

    [6] => Array
        (
            [name] => Relax
            [description] => A fictional site called House of Chairs that demonstrates how to build a client-friendly website.
            [code] => RainLab.Relax
            [updated_at] => 2019-02-14 06:45:20
            [image] => //octobercms.com/storage/app/uploads/public/559/49e/2da/thumb_2585_210_140_0_0_crop.png
            [author] => RainLab
            [hash] => a35c64b09ad6347b8a226291e5b8fd75
            [demo_url] => 
            [product_url] => http://octobercms.com/theme/rainlab-relax
        )

    [7] => Array
        (
            [name] => Vanilla
            [description] => A plain starter template that implements account management, a blog and community forum.
            [code] => RainLab.Vanilla
            [updated_at] => 2019-02-13 18:51:23
            [image] => //octobercms.com/storage/app/uploads/public/552/da4/0f8/thumb_2106_210_140_0_0_crop.png
            [author] => RainLab
            [hash] => 4b893d1c085a298e9b9b1d13635a675f
            [demo_url] => 
            [product_url] => http://octobercms.com/theme/rainlab-vanilla
        )

    [8] => Array
        (
            [name] => Flat UI
            [description] => A theme that uses a Flat user-interface and has no dependencies on others plugins.
            [code] => Responsiv.Flat
            [updated_at] => 2019-02-13 13:05:26
            [image] => //octobercms.com/storage/app/uploads/public/53d/084/fbc/thumb_543_210_140_0_0_crop.png
            [author] => Responsiv Internet
            [hash] => 3b3994c2c50d1b0f49a0725d764c12e8
            [demo_url] => 
            [product_url] => http://octobercms.com/theme/responsiv-flat
        )

)

.============================ POST REQUEST ==========================.
[2019/02/15 10:13:39] Postback payload: Array
(
    [name] => Responsiv.Clean
    [handler] => onThemeDetails
)

[2019/02/15 10:13:39] Server request: theme/detail
[2019/02/15 10:13:39] Request information: Array
(
    [url] => http://octobercms.com/api/theme/detail
    [content_type] => application/json
    [http_code] => 200
    [header_size] => 362
    [request_size] => 200
    [filetime] => -1
    [ssl_verify_result] => 0
    [redirect_count] => 0
    [total_time] => 0.403368
    [namelookup_time] => 0.004259
    [connect_time] => 0.03943
    [pretransfer_time] => 0.039495
    [size_upload] => 61
    [size_download] => 664
    [speed_download] => 1647
    [speed_upload] => 151
    [download_content_length] => 664
    [upload_content_length] => 61
    [starttransfer_time] => 0.403333
    [redirect_time] => 0
    [redirect_url] => 
    [primary_ip] => 2606:4700:30::6818:710c
    [certinfo] => Array
        (
        )

    [primary_port] => 80
    [local_ip] => 2407:7000:9003:9437:216b:ed83:3048:b580
    [local_port] => 49617
)

[2019/02/15 10:13:39] Execute handler (onThemeDetails): Array
(
    [name] => Clean Blog
    [description] => Clean blogger theme.
    [code] => Responsiv.Clean
    [updated_at] => 2019-02-14 00:58:19
    [image] => //octobercms.com/storage/app/uploads/public/58e/304/7a4/thumb_6978_210_140_0_0_crop.png
    [author] => Responsiv Internet
    [hash] => 07e5b7066168a94349ac92018770c2e8
    [demo_url] => http://daftspunk.com/
    [product_url] => http://octobercms.com/theme/responsiv-clean
    [require] => Array
        (
            [0] => Array
                (
                    [name] => Blog
                    [description] => A robust blogging platform.
                    [code] => RainLab.Blog
                    [updated_at] => 2019-02-14 12:49:39
                    [image] => http://placehold.it/64x64
                    [author] => October
                    [hash] => 0b6eaf74c999eb254549d1b1ab90aaa3
                    [demo_url] => 
                    [product_url] => 
                )

        )

)

.============================ POST REQUEST ==========================.
[2019/02/15 10:13:39] Postback payload: Array
(
    [step] => getMetaData
    [meta] => 
    [plugins] => Array
        (
            [0] => Array
                (
                    [name] => Blog
                    [description] => A robust blogging platform.
                    [code] => RainLab.Blog
                    [updated_at] => 2019-02-14 12:49:39
                    [image] => http://placehold.it/64x64
                    [author] => October
                    [hash] => 0b6eaf74c999eb254549d1b1ab90aaa3
                    [demo_url] => 
                    [product_url] => 
                )

        )

    [themes] => Array
        (
            [0] => Array
                (
                    [name] => Clean Blog
                    [description] => Clean blogger theme.
                    [code] => Responsiv.Clean
                    [updated_at] => 2019-02-14 00:58:19
                    [image] => //octobercms.com/storage/app/uploads/public/58e/304/7a4/thumb_6978_210_140_0_0_crop.png
                    [author] => Responsiv Internet
                    [hash] => 07e5b7066168a94349ac92018770c2e8
                    [demo_url] => http://daftspunk.com/
                    [product_url] => http://octobercms.com/theme/responsiv-clean
                    [require] => Array
                        (
                            [0] => Array
                                (
                                    [name] => Blog
                                    [description] => A robust blogging platform.
                                    [code] => RainLab.Blog
                                    [updated_at] => 2019-02-14 12:49:39
                                    [image] => http://placehold.it/64x64
                                    [author] => October
                                    [hash] => 0b6eaf74c999eb254549d1b1ab90aaa3
                                    [demo_url] => 
                                    [product_url] => 
                                )

                        )

                )

        )

    [handler] => onInstallStep
)

[2019/02/15 10:13:39] Install step: getMetaData
[2019/02/15 10:13:40] Server request: core/install
[2019/02/15 10:13:40] Request information: Array
(
    [url] => http://octobercms.com/api/core/install
    [content_type] => application/json
    [http_code] => 200
    [header_size] => 362
    [request_size] => 237
    [filetime] => -1
    [ssl_verify_result] => 0
    [redirect_count] => 0
    [total_time] => 0.466685
    [namelookup_time] => 3.2E-5
    [connect_time] => 0.022068
    [pretransfer_time] => 0.022111
    [size_upload] => 98
    [size_download] => 233
    [speed_download] => 500
    [speed_upload] => 210
    [download_content_length] => 233
    [upload_content_length] => 98
    [starttransfer_time] => 0.466657
    [redirect_time] => 0
    [redirect_url] => 
    [primary_ip] => 2606:4700:30::6818:710c
    [certinfo] => Array
        (
        )

    [primary_port] => 80
    [local_ip] => 2407:7000:9003:9437:216b:ed83:3048:b580
    [local_port] => 49618
)

[2019/02/15 10:13:40] Step getMetaData +OK
[2019/02/15 10:13:40] Execute handler (onInstallStep): Array
(
    [result] => Array
        (
            [core] => Array
                (
                    [hash] => d1028fbd034b2639b0d2ca0869002836
                    [build] => 446
                    [uhash] => b4b79ec07b137e6c84605ac76f616781
                )

            [plugins] => Array
                (
                    [RainLab.Blog] => 0b6eaf74c999eb254549d1b1ab90aaa3
                )

            [themes] => Array
                (
                    [Responsiv.Clean] => 07e5b7066168a94349ac92018770c2e8
                )

        )

)

.============================ POST REQUEST ==========================.
[2019/02/15 10:13:40] Postback payload: Array
(
    [step] => downloadCore
    [meta] => Array
        (
            [core] => Array
                (
                    [hash] => d1028fbd034b2639b0d2ca0869002836
                    [build] => 446
                    [uhash] => b4b79ec07b137e6c84605ac76f616781
                )

            [plugins] => Array
                (
                    [RainLab.Blog] => 0b6eaf74c999eb254549d1b1ab90aaa3
                )

            [themes] => Array
                (
                    [Responsiv.Clean] => 07e5b7066168a94349ac92018770c2e8
                )

        )

    [handler] => onInstallStep
)

[2019/02/15 10:13:40] Install step: downloadCore
[2019/02/15 10:13:47] Saving to file (core): /Applications/MAMP/htdocs/acme/install_files/temp/a74ad8dfacd4f985eb3977517615ce25.arc
[2019/02/15 10:13:47] Step downloadCore +OK
[2019/02/15 10:13:47] Execute handler (onInstallStep): Array
(
    [result] => 
)

.============================ POST REQUEST ==========================.
[2019/02/15 10:13:48] Postback payload: Array
(
    [step] => downloadPlugin
    [meta] => Array
        (
            [core] => Array
                (
                    [hash] => d1028fbd034b2639b0d2ca0869002836
                    [build] => 446
                    [uhash] => b4b79ec07b137e6c84605ac76f616781
                )

            [plugins] => Array
                (
                    [RainLab.Blog] => 0b6eaf74c999eb254549d1b1ab90aaa3
                )

            [themes] => Array
                (
                    [Responsiv.Clean] => 07e5b7066168a94349ac92018770c2e8
                )

        )

    [name] => RainLab.Blog
    [handler] => onInstallStep
)

[2019/02/15 10:13:48] Install step: downloadPlugin
[2019/02/15 10:13:48] Saving to file (RainLab.Blog-plugin): /Applications/MAMP/htdocs/acme/install_files/temp/33b538b0804bdcfce25684369ded882c.arc
[2019/02/15 10:13:48] Step downloadPlugin +OK
[2019/02/15 10:13:48] Execute handler (onInstallStep): Array
(
    [result] => 
)

.============================ POST REQUEST ==========================.
[2019/02/15 10:13:49] Postback payload: Array
(
    [step] => downloadTheme
    [meta] => Array
        (
            [core] => Array
                (
                    [hash] => d1028fbd034b2639b0d2ca0869002836
                    [build] => 446
                    [uhash] => b4b79ec07b137e6c84605ac76f616781
                )

            [plugins] => Array
                (
                    [RainLab.Blog] => 0b6eaf74c999eb254549d1b1ab90aaa3
                )

            [themes] => Array
                (
                    [Responsiv.Clean] => 07e5b7066168a94349ac92018770c2e8
                )

        )

    [name] => Responsiv.Clean
    [handler] => onInstallStep
)

[2019/02/15 10:13:49] Install step: downloadTheme
[2019/02/15 10:13:50] Saving to file (Responsiv.Clean-theme): /Applications/MAMP/htdocs/acme/install_files/temp/50b424b156f0b335ba87925d2ea83f82.arc
[2019/02/15 10:13:50] Step downloadTheme +OK
[2019/02/15 10:13:50] Execute handler (onInstallStep): Array
(
    [result] => 
)

.============================ POST REQUEST ==========================.
[2019/02/15 10:13:50] Postback payload: Array
(
    [step] => extractCore
    [meta] => Array
        (
            [core] => Array
                (
                    [hash] => d1028fbd034b2639b0d2ca0869002836
                    [build] => 446
                    [uhash] => b4b79ec07b137e6c84605ac76f616781
                )

            [plugins] => Array
                (
                    [RainLab.Blog] => 0b6eaf74c999eb254549d1b1ab90aaa3
                )

            [themes] => Array
                (
                    [Responsiv.Clean] => 07e5b7066168a94349ac92018770c2e8
                )

        )

    [handler] => onInstallStep
)

[2019/02/15 10:13:50] Install step: extractCore
[2019/02/15 10:13:50] Extracting file (core): a74ad8dfacd4f985eb3977517615ce25.arc
[2019/02/15 10:13:53] Step extractCore +OK
[2019/02/15 10:13:53] Execute handler (onInstallStep): Array
(
    [result] => 1
)

.============================ POST REQUEST ==========================.
[2019/02/15 10:13:53] Postback payload: Array
(
    [step] => extractPlugin
    [meta] => Array
        (
            [core] => Array
                (
                    [hash] => d1028fbd034b2639b0d2ca0869002836
                    [build] => 446
                    [uhash] => b4b79ec07b137e6c84605ac76f616781
                )

            [plugins] => Array
                (
                    [RainLab.Blog] => 0b6eaf74c999eb254549d1b1ab90aaa3
                )

            [themes] => Array
                (
                    [Responsiv.Clean] => 07e5b7066168a94349ac92018770c2e8
                )

        )

    [name] => RainLab.Blog
    [handler] => onInstallStep
)

[2019/02/15 10:13:53] Install step: extractPlugin
[2019/02/15 10:13:53] Extracting file (RainLab.Blog-plugin): 33b538b0804bdcfce25684369ded882c.arc
[2019/02/15 10:13:53] Step extractPlugin +OK
[2019/02/15 10:13:53] Execute handler (onInstallStep): Array
(
    [result] => 1
)

.============================ POST REQUEST ==========================.
[2019/02/15 10:13:53] Postback payload: Array
(
    [step] => extractTheme
    [meta] => Array
        (
            [core] => Array
                (
                    [hash] => d1028fbd034b2639b0d2ca0869002836
                    [build] => 446
                    [uhash] => b4b79ec07b137e6c84605ac76f616781
                )

            [plugins] => Array
                (
                    [RainLab.Blog] => 0b6eaf74c999eb254549d1b1ab90aaa3
                )

            [themes] => Array
                (
                    [Responsiv.Clean] => 07e5b7066168a94349ac92018770c2e8
                )

        )

    [name] => Responsiv.Clean
    [handler] => onInstallStep
)

[2019/02/15 10:13:53] Install step: extractTheme
[2019/02/15 10:13:53] Extracting file (Responsiv.Clean-theme): 50b424b156f0b335ba87925d2ea83f82.arc
[2019/02/15 10:13:54] Step extractTheme +OK
[2019/02/15 10:13:54] Execute handler (onInstallStep): Array
(
    [result] => 1
)

.============================ POST REQUEST ==========================.
[2019/02/15 10:13:54] Postback payload: Array
(
    [step] => setupConfig
    [meta] => Array
        (
            [core] => Array
                (
                    [hash] => d1028fbd034b2639b0d2ca0869002836
                    [build] => 446
                    [uhash] => b4b79ec07b137e6c84605ac76f616781
                )

            [plugins] => Array
                (
                    [RainLab.Blog] => 0b6eaf74c999eb254549d1b1ab90aaa3
                )

            [themes] => Array
                (
                    [Responsiv.Clean] => 07e5b7066168a94349ac92018770c2e8
                )

        )

    [db_type] => mysql
    [db_host] => localhost
    [db_port] => 
    [db_name] => acme_oct
    [db_user] => root
    [db_pass] => *******
    [admin_first_name] => He
    [admin_last_name] => Yang
    [admin_email] => *******@*****.com
    [admin_login] => admin
    [admin_password] => *******
    [admin_confirm_password] => *******
    [backend_uri] => /backend
    [encryption_code] => *******
    [file_mask] => 777
    [folder_mask] => 777
    [active_theme] => Responsiv.Clean
    [handler] => onInstallStep
)

[2019/02/15 10:13:54] Install step: setupConfig
[2019/02/14 09:13:54] Step setupConfig +OK
[2019/02/14 09:13:54] Execute handler (onInstallStep): Array
(
    [result] => 
)

.============================ POST REQUEST ==========================.
[2019/02/15 10:13:54] Postback payload: Array
(
    [step] => createAdmin
    [meta] => Array
        (
            [core] => Array
                (
                    [hash] => d1028fbd034b2639b0d2ca0869002836
                    [build] => 446
                    [uhash] => b4b79ec07b137e6c84605ac76f616781
                )

            [plugins] => Array
                (
                    [RainLab.Blog] => 0b6eaf74c999eb254549d1b1ab90aaa3
                )

            [themes] => Array
                (
                    [Responsiv.Clean] => 07e5b7066168a94349ac92018770c2e8
                )

        )

    [db_type] => mysql
    [db_host] => localhost
    [db_port] => 
    [db_name] => acme_oct
    [db_user] => root
    [db_pass] => *******
    [admin_first_name] => He
    [admin_last_name] => Yang
    [admin_email] => *******@*****.com
    [admin_login] => admin
    [admin_password] => *******
    [admin_confirm_password] => *******
    [backend_uri] => /backend
    [encryption_code] => *******
    [file_mask] => 777
    [folder_mask] => 777
    [active_theme] => Responsiv.Clean
    [handler] => onInstallStep
)

[2019/02/15 10:13:54] Install step: createAdmin
[2019/02/14 09:13:56] Step createAdmin +OK
[2019/02/14 09:13:56] Execute handler (onInstallStep): Array
(
    [result] => 
)

.============================ POST REQUEST ==========================.
[2019/02/15 10:13:56] Postback payload: Array
(
    [disableLog] => 1
)

[2019/02/15 10:13:56] Install step: setupProject
[2019/02/15 10:13:56] Step setupProject +OK
[2019/02/15 10:13:56] Execute handler (onInstallStep): Array
(
    [result] => 
)

.============================ POST REQUEST ==========================.
[2019/02/15 10:13:57] Postback payload: Array
(
    [step] => finishInstall
    [meta] => Array
        (
            [core] => Array
                (
                    [hash] => d1028fbd034b2639b0d2ca0869002836
                    [build] => 446
                    [uhash] => b4b79ec07b137e6c84605ac76f616781
                )

            [plugins] => Array
                (
                    [RainLab.Blog] => 0b6eaf74c999eb254549d1b1ab90aaa3
                )

            [themes] => Array
                (
                    [Responsiv.Clean] => 07e5b7066168a94349ac92018770c2e8
                )

        )

    [hash] => d1028fbd034b2639b0d2ca0869002836
    [build] => 446
    [uhash] => b4b79ec07b137e6c84605ac76f616781
    [handler] => onInstallStep
)

[2019/02/15 10:13:57] Install step: finishInstall
[2019/02/14 09:13:57] Cleaning up file: 50b424b156f0b335ba87925d2ea83f82.arc
[2019/02/14 09:13:57] Cleaning up file: a74ad8dfacd4f985eb3977517615ce25.arc
[2019/02/14 09:13:57] Cleaning up file: 33b538b0804bdcfce25684369ded882c.arc
[2019/02/14 09:13:57] Step finishInstall +OK
[2019/02/14 09:13:57] Execute handler (onInstallStep): Array
(
    [result] => 
)

